<?xml version="1.0" encoding="UTF-8"?>
<testsuite xmlns:xsi="http://www.w3.org/2001/XMLSchema-instance" xsi:noNamespaceSchemaLocation="https://maven.apache.org/surefire/maven-surefire-plugin/xsd/surefire-test-report.xsd" name="util.GraphTest" time="0.031" tests="3" errors="0" skipped="0" failures="0">
  <properties>
[...]
</properties>
  <testcase name="addEdge1" classname="util.GraphTest" time="0.003"/>
  <testcase name="addVertex" classname="util.GraphTest" time="0"/>
  <testcase name="containsVertexFalse" classname="util.GraphTest" time="0"/>
</testsuite>